{"C:\\Users\\MH\\Documents\\GitHub\\-T-WEB-800\\backend\\app.js": {"path":"C:\\Users\\MH\\Documents\\GitHub\\-T-WEB-800\\backend\\app.js","statementMap":{"0":{"start":{"line":1,"column":16},"end":{"line":1,"column":34}},"1":{"start":{"line":2,"column":19},"end":{"line":2,"column":41}},"2":{"start":{"line":3,"column":17},"end":{"line":3,"column":36}},"3":{"start":{"line":4,"column":0},"end":{"line":4,"column":27}},"4":{"start":{"line":5,"column":16},"end":{"line":5,"column":34}},"5":{"start":{"line":6,"column":19},"end":{"line":6,"column":43}},"6":{"start":{"line":7,"column":19},"end":{"line":7,"column":42}},"7":{"start":{"line":9,"column":18},"end":{"line":9,"column":47}},"8":{"start":{"line":10,"column":20},"end":{"line":10,"column":40}},"9":{"start":{"line":12,"column":0},"end":{"line":20,"column":7}},"10":{"start":{"line":16,"column":16},"end":{"line":16,"column":68}},"11":{"start":{"line":18,"column":8},"end":{"line":18,"column":72}},"12":{"start":{"line":19,"column":8},"end":{"line":19,"column":24}},"13":{"start":{"line":22,"column":12},"end":{"line":22,"column":21}},"14":{"start":{"line":24,"column":0},"end":{"line":29,"column":3}},"15":{"start":{"line":25,"column":4},"end":{"line":25,"column":54}},"16":{"start":{"line":26,"column":4},"end":{"line":26,"column":124}},"17":{"start":{"line":27,"column":4},"end":{"line":27,"column":92}},"18":{"start":{"line":28,"column":4},"end":{"line":28,"column":11}},"19":{"start":{"line":30,"column":0},"end":{"line":30,"column":24}},"20":{"start":{"line":31,"column":0},"end":{"line":31,"column":27}},"21":{"start":{"line":33,"column":0},"end":{"line":33,"column":33}},"22":{"start":{"line":34,"column":0},"end":{"line":34,"column":27}},"23":{"start":{"line":35,"column":0},"end":{"line":35,"column":68}},"24":{"start":{"line":38,"column":0},"end":{"line":38,"column":21}}},"fnMap":{"0":{"name":"(anonymous_0)","decl":{"start":{"line":16,"column":10},"end":{"line":16,"column":11}},"loc":{"start":{"line":16,"column":16},"end":{"line":16,"column":68}},"line":16},"1":{"name":"(anonymous_1)","decl":{"start":{"line":17,"column":11},"end":{"line":17,"column":12}},"loc":{"start":{"line":17,"column":18},"end":{"line":20,"column":5}},"line":17},"2":{"name":"(anonymous_2)","decl":{"start":{"line":24,"column":8},"end":{"line":24,"column":9}},"loc":{"start":{"line":24,"column":28},"end":{"line":29,"column":1}},"line":24}},"branchMap":{},"s":{"0":2,"1":2,"2":2,"3":2,"4":2,"5":2,"6":2,"7":2,"8":2,"9":2,"10":0,"11":0,"12":0,"13":2,"14":2,"15":4,"16":4,"17":4,"18":4,"19":2,"20":2,"21":2,"22":2,"23":2,"24":2},"f":{"0":0,"1":0,"2":4},"b":{},"_coverageSchema":"1a1c01bbd47fc00a2c39e90264f33305004495a9","hash":"bf3b923a808d62a06b127147ccc03097fff7c672"}
,"C:\\Users\\MH\\Documents\\GitHub\\-T-WEB-800\\backend\\swagger.js": {"path":"C:\\Users\\MH\\Documents\\GitHub\\-T-WEB-800\\backend\\swagger.js","statementMap":{"0":{"start":{"line":1,"column":21},"end":{"line":1,"column":45}},"1":{"start":{"line":3,"column":26},"end":{"line":16,"column":1}},"2":{"start":{"line":18,"column":16},"end":{"line":21,"column":1}},"3":{"start":{"line":23,"column":20},"end":{"line":23,"column":41}},"4":{"start":{"line":24,"column":0},"end":{"line":24,"column":24}},"5":{"start":{"line":25,"column":0},"end":{"line":25,"column":29}}},"fnMap":{},"branchMap":{},"s":{"0":2,"1":2,"2":2,"3":2,"4":2,"5":2},"f":{},"b":{},"_coverageSchema":"1a1c01bbd47fc00a2c39e90264f33305004495a9","hash":"b29b9adce3276a5ef8f553b3a90f0cf0186c695a"}
,"C:\\Users\\MH\\Documents\\GitHub\\-T-WEB-800\\backend\\config\\config.js": {"path":"C:\\Users\\MH\\Documents\\GitHub\\-T-WEB-800\\backend\\config\\config.js","statementMap":{"0":{"start":{"line":1,"column":0},"end":{"line":4,"column":1}}},"fnMap":{},"branchMap":{},"s":{"0":4},"f":{},"b":{},"_coverageSchema":"1a1c01bbd47fc00a2c39e90264f33305004495a9","hash":"6f7694e68882841ed6a6b9a2bc484cdd1209b8c7"}
,"C:\\Users\\MH\\Documents\\GitHub\\-T-WEB-800\\backend\\controllers\\api.js": {"path":"C:\\Users\\MH\\Documents\\GitHub\\-T-WEB-800\\backend\\controllers\\api.js","statementMap":{"0":{"start":{"line":1,"column":14},"end":{"line":1,"column":30}},"1":{"start":{"line":2,"column":16},"end":{"line":2,"column":34}},"2":{"start":{"line":3,"column":15},"end":{"line":3,"column":45}},"3":{"start":{"line":4,"column":24},"end":{"line":4,"column":65}},"4":{"start":{"line":5,"column":24},"end":{"line":5,"column":45}},"5":{"start":{"line":7,"column":16},"end":{"line":10,"column":2}},"6":{"start":{"line":12,"column":0},"end":{"line":40,"column":2}},"7":{"start":{"line":13,"column":2},"end":{"line":39,"column":3}},"8":{"start":{"line":14,"column":4},"end":{"line":14,"column":64}},"9":{"start":{"line":16,"column":21},"end":{"line":16,"column":41}},"10":{"start":{"line":18,"column":4},"end":{"line":22,"column":5}},"11":{"start":{"line":19,"column":6},"end":{"line":21,"column":67}},"12":{"start":{"line":24,"column":24},"end":{"line":24,"column":66}},"13":{"start":{"line":26,"column":21},"end":{"line":26,"column":115}},"14":{"start":{"line":27,"column":20},"end":{"line":27,"column":69}},"15":{"start":{"line":28,"column":22},"end":{"line":33,"column":5}},"16":{"start":{"line":35,"column":4},"end":{"line":35,"column":29}},"17":{"start":{"line":37,"column":4},"end":{"line":37,"column":25}},"18":{"start":{"line":38,"column":4},"end":{"line":38,"column":76}},"19":{"start":{"line":42,"column":0},"end":{"line":70,"column":2}},"20":{"start":{"line":43,"column":2},"end":{"line":69,"column":3}},"21":{"start":{"line":44,"column":4},"end":{"line":44,"column":61}},"22":{"start":{"line":46,"column":21},"end":{"line":46,"column":38}},"23":{"start":{"line":48,"column":24},"end":{"line":48,"column":66}},"24":{"start":{"line":50,"column":20},"end":{"line":50,"column":106}},"25":{"start":{"line":51,"column":4},"end":{"line":65,"column":7}},"26":{"start":{"line":52,"column":23},"end":{"line":52,"column":43}},"27":{"start":{"line":53,"column":24},"end":{"line":53,"column":44}},"28":{"start":{"line":55,"column":23},"end":{"line":55,"column":182}},"29":{"start":{"line":56,"column":22},"end":{"line":56,"column":71}},"30":{"start":{"line":57,"column":24},"end":{"line":62,"column":7}},"31":{"start":{"line":64,"column":6},"end":{"line":64,"column":31}},"32":{"start":{"line":67,"column":4},"end":{"line":67,"column":25}},"33":{"start":{"line":68,"column":4},"end":{"line":68,"column":76}},"34":{"start":{"line":72,"column":0},"end":{"line":100,"column":2}},"35":{"start":{"line":73,"column":2},"end":{"line":99,"column":3}},"36":{"start":{"line":74,"column":4},"end":{"line":74,"column":64}},"37":{"start":{"line":77,"column":20},"end":{"line":77,"column":68}},"38":{"start":{"line":78,"column":20},"end":{"line":78,"column":59}},"39":{"start":{"line":79,"column":20},"end":{"line":79,"column":60}},"40":{"start":{"line":80,"column":21},"end":{"line":80,"column":63}},"41":{"start":{"line":81,"column":20},"end":{"line":81,"column":59}},"42":{"start":{"line":83,"column":24},"end":{"line":83,"column":66}},"43":{"start":{"line":86,"column":21},"end":{"line":86,"column":202}},"44":{"start":{"line":87,"column":20},"end":{"line":87,"column":63}},"45":{"start":{"line":88,"column":22},"end":{"line":93,"column":5}},"46":{"start":{"line":95,"column":4},"end":{"line":95,"column":29}},"47":{"start":{"line":97,"column":4},"end":{"line":97,"column":25}},"48":{"start":{"line":98,"column":4},"end":{"line":98,"column":76}},"49":{"start":{"line":104,"column":0},"end":{"line":114,"column":2}},"50":{"start":{"line":105,"column":2},"end":{"line":113,"column":3}},"51":{"start":{"line":107,"column":21},"end":{"line":107,"column":62}},"52":{"start":{"line":109,"column":4},"end":{"line":109,"column":28}},"53":{"start":{"line":111,"column":4},"end":{"line":111,"column":25}},"54":{"start":{"line":112,"column":4},"end":{"line":112,"column":73}},"55":{"start":{"line":117,"column":0},"end":{"line":136,"column":2}},"56":{"start":{"line":118,"column":2},"end":{"line":135,"column":3}},"57":{"start":{"line":120,"column":21},"end":{"line":120,"column":55}},"58":{"start":{"line":121,"column":25},"end":{"line":121,"column":43}},"59":{"start":{"line":122,"column":21},"end":{"line":125,"column":6}},"60":{"start":{"line":126,"column":4},"end":{"line":126,"column":28}},"61":{"start":{"line":127,"column":4},"end":{"line":127,"column":40}},"62":{"start":{"line":129,"column":4},"end":{"line":129,"column":69}},"63":{"start":{"line":130,"column":4},"end":{"line":134,"column":9}},"64":{"start":{"line":139,"column":0},"end":{"line":169,"column":2}},"65":{"start":{"line":140,"column":2},"end":{"line":168,"column":3}},"66":{"start":{"line":148,"column":8},"end":{"line":148,"column":16}},"67":{"start":{"line":150,"column":24},"end":{"line":150,"column":66}},"68":{"start":{"line":152,"column":21},"end":{"line":152,"column":242}},"69":{"start":{"line":154,"column":20},"end":{"line":154,"column":60}},"70":{"start":{"line":155,"column":22},"end":{"line":160,"column":5}},"71":{"start":{"line":162,"column":4},"end":{"line":162,"column":29}},"72":{"start":{"line":164,"column":4},"end":{"line":164,"column":25}},"73":{"start":{"line":165,"column":4},"end":{"line":167,"column":71}},"74":{"start":{"line":172,"column":0},"end":{"line":201,"column":2}},"75":{"start":{"line":173,"column":2},"end":{"line":200,"column":3}},"76":{"start":{"line":174,"column":21},"end":{"line":174,"column":38}},"77":{"start":{"line":177,"column":24},"end":{"line":177,"column":69}},"78":{"start":{"line":180,"column":16},"end":{"line":180,"column":102}},"79":{"start":{"line":182,"column":4},"end":{"line":197,"column":7}},"80":{"start":{"line":183,"column":25},"end":{"line":183,"column":42}},"81":{"start":{"line":184,"column":23},"end":{"line":184,"column":43}},"82":{"start":{"line":185,"column":24},"end":{"line":185,"column":44}},"83":{"start":{"line":186,"column":21},"end":{"line":186,"column":36}},"84":{"start":{"line":188,"column":23},"end":{"line":188,"column":172}},"85":{"start":{"line":189,"column":22},"end":{"line":189,"column":82}},"86":{"start":{"line":190,"column":24},"end":{"line":194,"column":7}},"87":{"start":{"line":196,"column":4},"end":{"line":196,"column":48}},"88":{"start":{"line":199,"column":4},"end":{"line":199,"column":87}},"89":{"start":{"line":204,"column":0},"end":{"line":232,"column":2}},"90":{"start":{"line":205,"column":2},"end":{"line":231,"column":3}},"91":{"start":{"line":207,"column":24},"end":{"line":207,"column":66}},"92":{"start":{"line":209,"column":16},"end":{"line":209,"column":102}},"93":{"start":{"line":211,"column":4},"end":{"line":227,"column":7}},"94":{"start":{"line":212,"column":25},"end":{"line":212,"column":46}},"95":{"start":{"line":213,"column":23},"end":{"line":213,"column":43}},"96":{"start":{"line":214,"column":24},"end":{"line":214,"column":44}},"97":{"start":{"line":215,"column":21},"end":{"line":215,"column":36}},"98":{"start":{"line":217,"column":23},"end":{"line":217,"column":172}},"99":{"start":{"line":218,"column":22},"end":{"line":218,"column":63}},"100":{"start":{"line":219,"column":24},"end":{"line":224,"column":7}},"101":{"start":{"line":226,"column":6},"end":{"line":226,"column":31}},"102":{"start":{"line":229,"column":4},"end":{"line":229,"column":25}},"103":{"start":{"line":230,"column":4},"end":{"line":230,"column":68}}},"fnMap":{"0":{"name":"(anonymous_0)","decl":{"start":{"line":12,"column":22},"end":{"line":12,"column":23}},"loc":{"start":{"line":12,"column":48},"end":{"line":40,"column":1}},"line":12},"1":{"name":"(anonymous_1)","decl":{"start":{"line":42,"column":23},"end":{"line":42,"column":24}},"loc":{"start":{"line":42,"column":49},"end":{"line":70,"column":1}},"line":42},"2":{"name":"(anonymous_2)","decl":{"start":{"line":51,"column":34},"end":{"line":51,"column":35}},"loc":{"start":{"line":51,"column":54},"end":{"line":65,"column":5}},"line":51},"3":{"name":"(anonymous_3)","decl":{"start":{"line":72,"column":30},"end":{"line":72,"column":31}},"loc":{"start":{"line":72,"column":56},"end":{"line":100,"column":1}},"line":72},"4":{"name":"(anonymous_4)","decl":{"start":{"line":104,"column":22},"end":{"line":104,"column":23}},"loc":{"start":{"line":104,"column":48},"end":{"line":114,"column":1}},"line":104},"5":{"name":"(anonymous_5)","decl":{"start":{"line":117,"column":24},"end":{"line":117,"column":25}},"loc":{"start":{"line":117,"column":50},"end":{"line":136,"column":1}},"line":117},"6":{"name":"(anonymous_6)","decl":{"start":{"line":139,"column":23},"end":{"line":139,"column":24}},"loc":{"start":{"line":139,"column":49},"end":{"line":169,"column":1}},"line":139},"7":{"name":"(anonymous_7)","decl":{"start":{"line":172,"column":26},"end":{"line":172,"column":27}},"loc":{"start":{"line":172,"column":52},"end":{"line":201,"column":1}},"line":172},"8":{"name":"(anonymous_8)","decl":{"start":{"line":182,"column":30},"end":{"line":182,"column":31}},"loc":{"start":{"line":182,"column":50},"end":{"line":197,"column":5}},"line":182},"9":{"name":"(anonymous_9)","decl":{"start":{"line":204,"column":22},"end":{"line":204,"column":23}},"loc":{"start":{"line":204,"column":48},"end":{"line":232,"column":1}},"line":204},"10":{"name":"(anonymous_10)","decl":{"start":{"line":211,"column":30},"end":{"line":211,"column":31}},"loc":{"start":{"line":211,"column":50},"end":{"line":227,"column":5}},"line":211}},"branchMap":{"0":{"loc":{"start":{"line":18,"column":4},"end":{"line":22,"column":5}},"type":"if","locations":[{"start":{"line":18,"column":4},"end":{"line":22,"column":5}},{"start":{},"end":{}}],"line":18},"1":{"loc":{"start":{"line":77,"column":20},"end":{"line":77,"column":68}},"type":"cond-expr","locations":[{"start":{"line":77,"column":39},"end":{"line":77,"column":55}},{"start":{"line":77,"column":58},"end":{"line":77,"column":68}}],"line":77},"2":{"loc":{"start":{"line":78,"column":20},"end":{"line":78,"column":59}},"type":"cond-expr","locations":[{"start":{"line":78,"column":39},"end":{"line":78,"column":55}},{"start":{"line":78,"column":58},"end":{"line":78,"column":59}}],"line":78},"3":{"loc":{"start":{"line":79,"column":20},"end":{"line":79,"column":60}},"type":"cond-expr","locations":[{"start":{"line":79,"column":39},"end":{"line":79,"column":55}},{"start":{"line":79,"column":58},"end":{"line":79,"column":60}}],"line":79},"4":{"loc":{"start":{"line":80,"column":21},"end":{"line":80,"column":63}},"type":"cond-expr","locations":[{"start":{"line":80,"column":41},"end":{"line":80,"column":58}},{"start":{"line":80,"column":61},"end":{"line":80,"column":63}}],"line":80},"5":{"loc":{"start":{"line":81,"column":20},"end":{"line":81,"column":59}},"type":"cond-expr","locations":[{"start":{"line":81,"column":39},"end":{"line":81,"column":55}},{"start":{"line":81,"column":58},"end":{"line":81,"column":59}}],"line":81}},"s":{"0":2,"1":2,"2":2,"3":2,"4":2,"5":2,"6":2,"7":0,"8":0,"9":0,"10":0,"11":0,"12":0,"13":0,"14":0,"15":0,"16":0,"17":0,"18":0,"19":2,"20":0,"21":0,"22":0,"23":0,"24":0,"25":0,"26":0,"27":0,"28":0,"29":0,"30":0,"31":0,"32":0,"33":0,"34":2,"35":0,"36":0,"37":0,"38":0,"39":0,"40":0,"41":0,"42":0,"43":0,"44":0,"45":0,"46":0,"47":0,"48":0,"49":2,"50":0,"51":0,"52":0,"53":0,"54":0,"55":2,"56":0,"57":0,"58":0,"59":0,"60":0,"61":0,"62":0,"63":0,"64":2,"65":2,"66":2,"67":2,"68":2,"69":2,"70":2,"71":2,"72":1,"73":1,"74":2,"75":2,"76":2,"77":2,"78":2,"79":2,"80":1,"81":1,"82":1,"83":1,"84":1,"85":1,"86":1,"87":1,"88":1,"89":2,"90":0,"91":0,"92":0,"93":0,"94":0,"95":0,"96":0,"97":0,"98":0,"99":0,"100":0,"101":0,"102":0,"103":0},"f":{"0":0,"1":0,"2":0,"3":0,"4":0,"5":0,"6":2,"7":2,"8":1,"9":0,"10":0},"b":{"0":[0,0],"1":[0,0],"2":[0,0],"3":[0,0],"4":[0,0],"5":[0,0]},"_coverageSchema":"1a1c01bbd47fc00a2c39e90264f33305004495a9","hash":"c7bd79f8a1966af66924af6586c03da3557cb8a8"}
,"C:\\Users\\MH\\Documents\\GitHub\\-T-WEB-800\\backend\\controllers\\user.js": {"path":"C:\\Users\\MH\\Documents\\GitHub\\-T-WEB-800\\backend\\controllers\\user.js","statementMap":{"0":{"start":{"line":1,"column":13},"end":{"line":1,"column":38}},"1":{"start":{"line":2,"column":15},"end":{"line":2,"column":32}},"2":{"start":{"line":3,"column":16},"end":{"line":3,"column":42}},"3":{"start":{"line":4,"column":12},"end":{"line":4,"column":35}},"4":{"start":{"line":6,"column":0},"end":{"line":20,"column":2}},"5":{"start":{"line":7,"column":4},"end":{"line":19,"column":57}},"6":{"start":{"line":9,"column":25},"end":{"line":14,"column":14}},"7":{"start":{"line":15,"column":12},"end":{"line":17,"column":65}},"8":{"start":{"line":16,"column":28},"end":{"line":16,"column":88}},"9":{"start":{"line":17,"column":32},"end":{"line":17,"column":63}},"10":{"start":{"line":19,"column":24},"end":{"line":19,"column":55}},"11":{"start":{"line":22,"column":0},"end":{"line":52,"column":2}},"12":{"start":{"line":23,"column":4},"end":{"line":51,"column":57}},"13":{"start":{"line":25,"column":12},"end":{"line":27,"column":13}},"14":{"start":{"line":26,"column":16},"end":{"line":26,"column":83}},"15":{"start":{"line":28,"column":12},"end":{"line":49,"column":65}},"16":{"start":{"line":30,"column":20},"end":{"line":32,"column":21}},"17":{"start":{"line":31,"column":24},"end":{"line":31,"column":91}},"18":{"start":{"line":33,"column":34},"end":{"line":37,"column":21}},"19":{"start":{"line":38,"column":33},"end":{"line":42,"column":21}},"20":{"start":{"line":43,"column":20},"end":{"line":47,"column":32}},"21":{"start":{"line":49,"column":32},"end":{"line":49,"column":63}},"22":{"start":{"line":51,"column":24},"end":{"line":51,"column":55}},"23":{"start":{"line":54,"column":0},"end":{"line":66,"column":2}},"24":{"start":{"line":55,"column":4},"end":{"line":65,"column":11}},"25":{"start":{"line":57,"column":12},"end":{"line":59,"column":15}},"26":{"start":{"line":62,"column":12},"end":{"line":64,"column":15}},"27":{"start":{"line":68,"column":0},"end":{"line":99,"column":2}},"28":{"start":{"line":69,"column":19},"end":{"line":69,"column":32}},"29":{"start":{"line":72,"column":22},"end":{"line":72,"column":39}},"30":{"start":{"line":75,"column":4},"end":{"line":98,"column":11}},"31":{"start":{"line":78,"column":12},"end":{"line":93,"column":19}},"32":{"start":{"line":84,"column":20},"end":{"line":86,"column":21}},"33":{"start":{"line":85,"column":24},"end":{"line":85,"column":91}},"34":{"start":{"line":88,"column":20},"end":{"line":88,"column":111}},"35":{"start":{"line":91,"column":20},"end":{"line":91,"column":41}},"36":{"start":{"line":92,"column":20},"end":{"line":92,"column":83}},"37":{"start":{"line":96,"column":12},"end":{"line":96,"column":33}},"38":{"start":{"line":97,"column":12},"end":{"line":97,"column":75}},"39":{"start":{"line":102,"column":0},"end":{"line":114,"column":2}},"40":{"start":{"line":103,"column":4},"end":{"line":113,"column":11}},"41":{"start":{"line":107,"column":12},"end":{"line":107,"column":40}},"42":{"start":{"line":110,"column":12},"end":{"line":112,"column":15}},"43":{"start":{"line":116,"column":0},"end":{"line":122,"column":2}},"44":{"start":{"line":121,"column":4},"end":{"line":121,"column":61}}},"fnMap":{"0":{"name":"(anonymous_0)","decl":{"start":{"line":6,"column":17},"end":{"line":6,"column":18}},"loc":{"start":{"line":6,"column":37},"end":{"line":20,"column":1}},"line":6},"1":{"name":"(anonymous_1)","decl":{"start":{"line":8,"column":14},"end":{"line":8,"column":15}},"loc":{"start":{"line":8,"column":22},"end":{"line":18,"column":9}},"line":8},"2":{"name":"(anonymous_2)","decl":{"start":{"line":16,"column":22},"end":{"line":16,"column":23}},"loc":{"start":{"line":16,"column":28},"end":{"line":16,"column":88}},"line":16},"3":{"name":"(anonymous_3)","decl":{"start":{"line":17,"column":23},"end":{"line":17,"column":24}},"loc":{"start":{"line":17,"column":32},"end":{"line":17,"column":63}},"line":17},"4":{"name":"(anonymous_4)","decl":{"start":{"line":19,"column":15},"end":{"line":19,"column":16}},"loc":{"start":{"line":19,"column":24},"end":{"line":19,"column":55}},"line":19},"5":{"name":"(anonymous_5)","decl":{"start":{"line":22,"column":16},"end":{"line":22,"column":17}},"loc":{"start":{"line":22,"column":36},"end":{"line":52,"column":1}},"line":22},"6":{"name":"(anonymous_6)","decl":{"start":{"line":24,"column":14},"end":{"line":24,"column":15}},"loc":{"start":{"line":24,"column":22},"end":{"line":50,"column":9}},"line":24},"7":{"name":"(anonymous_7)","decl":{"start":{"line":29,"column":22},"end":{"line":29,"column":23}},"loc":{"start":{"line":29,"column":31},"end":{"line":48,"column":17}},"line":29},"8":{"name":"(anonymous_8)","decl":{"start":{"line":49,"column":23},"end":{"line":49,"column":24}},"loc":{"start":{"line":49,"column":32},"end":{"line":49,"column":63}},"line":49},"9":{"name":"(anonymous_9)","decl":{"start":{"line":51,"column":15},"end":{"line":51,"column":16}},"loc":{"start":{"line":51,"column":24},"end":{"line":51,"column":55}},"line":51},"10":{"name":"(anonymous_10)","decl":{"start":{"line":54,"column":21},"end":{"line":54,"column":22}},"loc":{"start":{"line":54,"column":41},"end":{"line":66,"column":1}},"line":54},"11":{"name":"(anonymous_11)","decl":{"start":{"line":56,"column":14},"end":{"line":56,"column":15}},"loc":{"start":{"line":56,"column":20},"end":{"line":60,"column":9}},"line":56},"12":{"name":"(anonymous_12)","decl":{"start":{"line":61,"column":15},"end":{"line":61,"column":16}},"loc":{"start":{"line":61,"column":26},"end":{"line":65,"column":9}},"line":61},"13":{"name":"(anonymous_13)","decl":{"start":{"line":68,"column":18},"end":{"line":68,"column":19}},"loc":{"start":{"line":68,"column":38},"end":{"line":99,"column":1}},"line":68},"14":{"name":"(anonymous_14)","decl":{"start":{"line":76,"column":14},"end":{"line":76,"column":15}},"loc":{"start":{"line":76,"column":34},"end":{"line":94,"column":9}},"line":76},"15":{"name":"(anonymous_15)","decl":{"start":{"line":83,"column":22},"end":{"line":83,"column":23}},"loc":{"start":{"line":83,"column":39},"end":{"line":89,"column":17}},"line":83},"16":{"name":"(anonymous_16)","decl":{"start":{"line":90,"column":23},"end":{"line":90,"column":24}},"loc":{"start":{"line":90,"column":34},"end":{"line":93,"column":17}},"line":90},"17":{"name":"(anonymous_17)","decl":{"start":{"line":95,"column":15},"end":{"line":95,"column":16}},"loc":{"start":{"line":95,"column":26},"end":{"line":98,"column":9}},"line":95},"18":{"name":"(anonymous_18)","decl":{"start":{"line":102,"column":18},"end":{"line":102,"column":19}},"loc":{"start":{"line":102,"column":38},"end":{"line":114,"column":1}},"line":102},"19":{"name":"(anonymous_19)","decl":{"start":{"line":106,"column":14},"end":{"line":106,"column":15}},"loc":{"start":{"line":106,"column":25},"end":{"line":108,"column":9}},"line":106},"20":{"name":"(anonymous_20)","decl":{"start":{"line":109,"column":15},"end":{"line":109,"column":16}},"loc":{"start":{"line":109,"column":26},"end":{"line":113,"column":9}},"line":109},"21":{"name":"(anonymous_21)","decl":{"start":{"line":116,"column":17},"end":{"line":116,"column":18}},"loc":{"start":{"line":116,"column":31},"end":{"line":122,"column":1}},"line":116}},"branchMap":{"0":{"loc":{"start":{"line":25,"column":12},"end":{"line":27,"column":13}},"type":"if","locations":[{"start":{"line":25,"column":12},"end":{"line":27,"column":13}},{"start":{},"end":{}}],"line":25},"1":{"loc":{"start":{"line":30,"column":20},"end":{"line":32,"column":21}},"type":"if","locations":[{"start":{"line":30,"column":20},"end":{"line":32,"column":21}},{"start":{},"end":{}}],"line":30},"2":{"loc":{"start":{"line":84,"column":20},"end":{"line":86,"column":21}},"type":"if","locations":[{"start":{"line":84,"column":20},"end":{"line":86,"column":21}},{"start":{},"end":{}}],"line":84}},"s":{"0":2,"1":2,"2":2,"3":2,"4":2,"5":0,"6":0,"7":0,"8":0,"9":0,"10":0,"11":2,"12":0,"13":0,"14":0,"15":0,"16":0,"17":0,"18":0,"19":0,"20":0,"21":0,"22":0,"23":2,"24":0,"25":0,"26":0,"27":2,"28":0,"29":0,"30":0,"31":0,"32":0,"33":0,"34":0,"35":0,"36":0,"37":0,"38":0,"39":2,"40":0,"41":0,"42":0,"43":2,"44":0},"f":{"0":0,"1":0,"2":0,"3":0,"4":0,"5":0,"6":0,"7":0,"8":0,"9":0,"10":0,"11":0,"12":0,"13":0,"14":0,"15":0,"16":0,"17":0,"18":0,"19":0,"20":0,"21":0},"b":{"0":[0,0],"1":[0,0],"2":[0,0]},"_coverageSchema":"1a1c01bbd47fc00a2c39e90264f33305004495a9","hash":"1f5ea054ecf2fedcd41a82847e0baedcee41bb46"}
,"C:\\Users\\MH\\Documents\\GitHub\\-T-WEB-800\\backend\\middleware\\auth.js": {"path":"C:\\Users\\MH\\Documents\\GitHub\\-T-WEB-800\\backend\\middleware\\auth.js","statementMap":{"0":{"start":{"line":1,"column":12},"end":{"line":1,"column":35}},"1":{"start":{"line":3,"column":0},"end":{"line":16,"column":2}},"2":{"start":{"line":4,"column":4},"end":{"line":15,"column":5}},"3":{"start":{"line":5,"column":8},"end":{"line":5,"column":45}},"4":{"start":{"line":6,"column":22},"end":{"line":6,"column":52}},"5":{"start":{"line":7,"column":29},"end":{"line":7,"column":69}},"6":{"start":{"line":8,"column":23},"end":{"line":8,"column":42}},"7":{"start":{"line":9,"column":8},"end":{"line":11,"column":10}},"8":{"start":{"line":12,"column":8},"end":{"line":12,"column":15}},"9":{"start":{"line":14,"column":8},"end":{"line":14,"column":40}}},"fnMap":{"0":{"name":"(anonymous_0)","decl":{"start":{"line":3,"column":17},"end":{"line":3,"column":18}},"loc":{"start":{"line":3,"column":37},"end":{"line":16,"column":1}},"line":3}},"branchMap":{},"s":{"0":2,"1":2,"2":0,"3":0,"4":0,"5":0,"6":0,"7":0,"8":0,"9":0},"f":{"0":0},"b":{},"_coverageSchema":"1a1c01bbd47fc00a2c39e90264f33305004495a9","hash":"cd85fc9d08e2e6ea2fed2e4e28194a81a174553c"}
,"C:\\Users\\MH\\Documents\\GitHub\\-T-WEB-800\\backend\\models\\User.js": {"path":"C:\\Users\\MH\\Documents\\GitHub\\-T-WEB-800\\backend\\models\\User.js","statementMap":{"0":{"start":{"line":1,"column":17},"end":{"line":1,"column":36}},"1":{"start":{"line":2,"column":24},"end":{"line":2,"column":60}},"2":{"start":{"line":4,"column":19},"end":{"line":9,"column":2}},"3":{"start":{"line":11,"column":0},"end":{"line":11,"column":35}},"4":{"start":{"line":13,"column":0},"end":{"line":13,"column":52}}},"fnMap":{},"branchMap":{},"s":{"0":2,"1":2,"2":2,"3":2,"4":2},"f":{},"b":{},"_coverageSchema":"1a1c01bbd47fc00a2c39e90264f33305004495a9","hash":"c59201d2e1f7bfd33ccbe5a6b40ebbfd83e46f5e"}
,"C:\\Users\\MH\\Documents\\GitHub\\-T-WEB-800\\backend\\routes\\api.js": {"path":"C:\\Users\\MH\\Documents\\GitHub\\-T-WEB-800\\backend\\routes\\api.js","statementMap":{"0":{"start":{"line":1,"column":16},"end":{"line":1,"column":34}},"1":{"start":{"line":2,"column":15},"end":{"line":2,"column":31}},"2":{"start":{"line":3,"column":19},"end":{"line":3,"column":48}},"3":{"start":{"line":5,"column":16},"end":{"line":5,"column":45}},"4":{"start":{"line":39,"column":0},"end":{"line":39,"column":43}},"5":{"start":{"line":40,"column":0},"end":{"line":40,"column":45}},"6":{"start":{"line":90,"column":0},"end":{"line":90,"column":52}},"7":{"start":{"line":141,"column":0},"end":{"line":141,"column":45}},"8":{"start":{"line":174,"column":0},"end":{"line":174,"column":46}},"9":{"start":{"line":212,"column":0},"end":{"line":212,"column":45}},"10":{"start":{"line":216,"column":0},"end":{"line":216,"column":24}}},"fnMap":{},"branchMap":{},"s":{"0":2,"1":2,"2":2,"3":2,"4":2,"5":2,"6":2,"7":2,"8":2,"9":2,"10":2},"f":{},"b":{},"_coverageSchema":"1a1c01bbd47fc00a2c39e90264f33305004495a9","hash":"009eb9442ad9418268c805a5f536296baedf9771"}
,"C:\\Users\\MH\\Documents\\GitHub\\-T-WEB-800\\backend\\routes\\user.js": {"path":"C:\\Users\\MH\\Documents\\GitHub\\-T-WEB-800\\backend\\routes\\user.js","statementMap":{"0":{"start":{"line":1,"column":16},"end":{"line":1,"column":34}},"1":{"start":{"line":2,"column":15},"end":{"line":2,"column":31}},"2":{"start":{"line":4,"column":17},"end":{"line":4,"column":47}},"3":{"start":{"line":5,"column":13},"end":{"line":5,"column":42}},"4":{"start":{"line":7,"column":0},"end":{"line":7,"column":40}},"5":{"start":{"line":8,"column":0},"end":{"line":8,"column":38}},"6":{"start":{"line":9,"column":0},"end":{"line":9,"column":48}},"7":{"start":{"line":10,"column":0},"end":{"line":10,"column":42}},"8":{"start":{"line":11,"column":0},"end":{"line":11,"column":42}},"9":{"start":{"line":13,"column":0},"end":{"line":13,"column":44}},"10":{"start":{"line":15,"column":0},"end":{"line":15,"column":24}}},"fnMap":{},"branchMap":{},"s":{"0":2,"1":2,"2":2,"3":2,"4":2,"5":2,"6":2,"7":2,"8":2,"9":2,"10":2},"f":{},"b":{},"_coverageSchema":"1a1c01bbd47fc00a2c39e90264f33305004495a9","hash":"da1830374d879fda33b6b356faf5544f419705b9"}
,"C:\\Users\\MH\\Documents\\GitHub\\-T-WEB-800\\backend\\services\\amadeusServices.js": {"path":"C:\\Users\\MH\\Documents\\GitHub\\-T-WEB-800\\backend\\services\\amadeusServices.js","statementMap":{"0":{"start":{"line":1,"column":14},"end":{"line":1,"column":30}},"1":{"start":{"line":2,"column":15},"end":{"line":2,"column":42}},"2":{"start":{"line":6,"column":21},"end":{"line":6,"column":37}},"3":{"start":{"line":7,"column":25},"end":{"line":7,"column":45}},"4":{"start":{"line":9,"column":4},"end":{"line":24,"column":5}},"5":{"start":{"line":10,"column":28},"end":{"line":18,"column":7}},"6":{"start":{"line":20,"column":6},"end":{"line":20,"column":45}},"7":{"start":{"line":22,"column":6},"end":{"line":22,"column":67}},"8":{"start":{"line":23,"column":6},"end":{"line":23,"column":68}},"9":{"start":{"line":28,"column":4},"end":{"line":45,"column":5}},"10":{"start":{"line":29,"column":6},"end":{"line":29,"column":19}},"11":{"start":{"line":30,"column":23},"end":{"line":34,"column":8}},"12":{"start":{"line":36,"column":6},"end":{"line":41,"column":7}},"13":{"start":{"line":37,"column":8},"end":{"line":37,"column":29}},"14":{"start":{"line":39,"column":8},"end":{"line":39,"column":60}},"15":{"start":{"line":40,"column":8},"end":{"line":40,"column":62}},"16":{"start":{"line":43,"column":6},"end":{"line":43,"column":62}},"17":{"start":{"line":44,"column":6},"end":{"line":44,"column":52}},"18":{"start":{"line":49,"column":0},"end":{"line":49,"column":33}}},"fnMap":{"0":{"name":"(anonymous_0)","decl":{"start":{"line":5,"column":2},"end":{"line":5,"column":3}},"loc":{"start":{"line":5,"column":29},"end":{"line":25,"column":3}},"line":5},"1":{"name":"(anonymous_1)","decl":{"start":{"line":27,"column":2},"end":{"line":27,"column":3}},"loc":{"start":{"line":27,"column":54},"end":{"line":46,"column":3}},"line":27}},"branchMap":{"0":{"loc":{"start":{"line":36,"column":6},"end":{"line":41,"column":7}},"type":"if","locations":[{"start":{"line":36,"column":6},"end":{"line":41,"column":7}},{"start":{"line":38,"column":13},"end":{"line":41,"column":7}}],"line":36}},"s":{"0":2,"1":2,"2":0,"3":0,"4":0,"5":0,"6":0,"7":0,"8":0,"9":0,"10":0,"11":0,"12":0,"13":0,"14":0,"15":0,"16":0,"17":0,"18":2},"f":{"0":0,"1":0},"b":{"0":[0,0]},"_coverageSchema":"1a1c01bbd47fc00a2c39e90264f33305004495a9","hash":"98ea9e2cda171351748b5e744c25fc5072c30ba3"}
}
