TN:
SF:app.js
FN:16,(anonymous_0)
FN:17,(anonymous_1)
FN:24,(anonymous_2)
FNF:3
FNH:1
FNDA:0,(anonymous_0)
FNDA:0,(anonymous_1)
FNDA:4,(anonymous_2)
DA:1,2
DA:2,2
DA:3,2
DA:4,2
DA:5,2
DA:6,2
DA:7,2
DA:9,2
DA:10,2
DA:12,2
DA:16,0
DA:18,0
DA:19,0
DA:22,2
DA:24,2
DA:25,4
DA:26,4
DA:27,4
DA:28,4
DA:30,2
DA:31,2
DA:33,2
DA:34,2
DA:35,2
DA:38,2
LF:25
LH:22
BRF:0
BRH:0
end_of_record
TN:
SF:swagger.js
FNF:0
FNH:0
DA:1,2
DA:3,2
DA:18,2
DA:23,2
DA:24,2
DA:25,2
LF:6
LH:6
BRF:0
BRH:0
end_of_record
TN:
SF:config\config.js
FNF:0
FNH:0
DA:1,4
LF:1
LH:1
BRF:0
BRH:0
end_of_record
TN:
SF:controllers\api.js
FN:12,(anonymous_0)
FN:42,(anonymous_1)
FN:51,(anonymous_2)
FN:72,(anonymous_3)
FN:104,(anonymous_4)
FN:117,(anonymous_5)
FN:139,(anonymous_6)
FN:172,(anonymous_7)
FN:182,(anonymous_8)
FN:204,(anonymous_9)
FN:211,(anonymous_10)
FNF:11
FNH:3
FNDA:0,(anonymous_0)
FNDA:0,(anonymous_1)
FNDA:0,(anonymous_2)
FNDA:0,(anonymous_3)
FNDA:0,(anonymous_4)
FNDA:0,(anonymous_5)
FNDA:2,(anonymous_6)
FNDA:2,(anonymous_7)
FNDA:1,(anonymous_8)
FNDA:0,(anonymous_9)
FNDA:0,(anonymous_10)
DA:1,2
DA:2,2
DA:3,2
DA:4,2
DA:5,2
DA:7,2
DA:12,2
DA:13,0
DA:14,0
DA:16,0
DA:18,0
DA:19,0
DA:24,0
DA:26,0
DA:27,0
DA:28,0
DA:35,0
DA:37,0
DA:38,0
DA:42,2
DA:43,0
DA:44,0
DA:46,0
DA:48,0
DA:50,0
DA:51,0
DA:52,0
DA:53,0
DA:55,0
DA:56,0
DA:57,0
DA:64,0
DA:67,0
DA:68,0
DA:72,2
DA:73,0
DA:74,0
DA:77,0
DA:78,0
DA:79,0
DA:80,0
DA:81,0
DA:83,0
DA:86,0
DA:87,0
DA:88,0
DA:95,0
DA:97,0
DA:98,0
DA:104,2
DA:105,0
DA:107,0
DA:109,0
DA:111,0
DA:112,0
DA:117,2
DA:118,0
DA:120,0
DA:121,0
DA:122,0
DA:126,0
DA:127,0
DA:129,0
DA:130,0
DA:139,2
DA:140,2
DA:148,2
DA:150,2
DA:152,2
DA:154,2
DA:155,2
DA:162,2
DA:164,1
DA:165,1
DA:172,2
DA:173,2
DA:174,2
DA:177,2
DA:180,2
DA:182,2
DA:183,1
DA:184,1
DA:185,1
DA:186,1
DA:188,1
DA:189,1
DA:190,1
DA:196,1
DA:199,1
DA:204,2
DA:205,0
DA:207,0
DA:209,0
DA:211,0
DA:212,0
DA:213,0
DA:214,0
DA:215,0
DA:217,0
DA:218,0
DA:219,0
DA:226,0
DA:229,0
DA:230,0
LF:104
LH:37
BRDA:18,0,0,0
BRDA:18,0,1,0
BRDA:77,1,0,0
BRDA:77,1,1,0
BRDA:78,2,0,0
BRDA:78,2,1,0
BRDA:79,3,0,0
BRDA:79,3,1,0
BRDA:80,4,0,0
BRDA:80,4,1,0
BRDA:81,5,0,0
BRDA:81,5,1,0
BRF:12
BRH:0
end_of_record
TN:
SF:controllers\user.js
FN:6,(anonymous_0)
FN:8,(anonymous_1)
FN:16,(anonymous_2)
FN:17,(anonymous_3)
FN:19,(anonymous_4)
FN:22,(anonymous_5)
FN:24,(anonymous_6)
FN:29,(anonymous_7)
FN:49,(anonymous_8)
FN:51,(anonymous_9)
FN:54,(anonymous_10)
FN:56,(anonymous_11)
FN:61,(anonymous_12)
FN:68,(anonymous_13)
FN:76,(anonymous_14)
FN:83,(anonymous_15)
FN:90,(anonymous_16)
FN:95,(anonymous_17)
FN:102,(anonymous_18)
FN:106,(anonymous_19)
FN:109,(anonymous_20)
FN:116,(anonymous_21)
FNF:22
FNH:0
FNDA:0,(anonymous_0)
FNDA:0,(anonymous_1)
FNDA:0,(anonymous_2)
FNDA:0,(anonymous_3)
FNDA:0,(anonymous_4)
FNDA:0,(anonymous_5)
FNDA:0,(anonymous_6)
FNDA:0,(anonymous_7)
FNDA:0,(anonymous_8)
FNDA:0,(anonymous_9)
FNDA:0,(anonymous_10)
FNDA:0,(anonymous_11)
FNDA:0,(anonymous_12)
FNDA:0,(anonymous_13)
FNDA:0,(anonymous_14)
FNDA:0,(anonymous_15)
FNDA:0,(anonymous_16)
FNDA:0,(anonymous_17)
FNDA:0,(anonymous_18)
FNDA:0,(anonymous_19)
FNDA:0,(anonymous_20)
FNDA:0,(anonymous_21)
DA:1,2
DA:2,2
DA:3,2
DA:4,2
DA:6,2
DA:7,0
DA:9,0
DA:15,0
DA:16,0
DA:17,0
DA:19,0
DA:22,2
DA:23,0
DA:25,0
DA:26,0
DA:28,0
DA:30,0
DA:31,0
DA:33,0
DA:38,0
DA:43,0
DA:49,0
DA:51,0
DA:54,2
DA:55,0
DA:57,0
DA:62,0
DA:68,2
DA:69,0
DA:72,0
DA:75,0
DA:78,0
DA:84,0
DA:85,0
DA:88,0
DA:91,0
DA:92,0
DA:96,0
DA:97,0
DA:102,2
DA:103,0
DA:107,0
DA:110,0
DA:116,2
DA:121,0
LF:45
LH:10
BRDA:25,0,0,0
BRDA:25,0,1,0
BRDA:30,1,0,0
BRDA:30,1,1,0
BRDA:84,2,0,0
BRDA:84,2,1,0
BRF:6
BRH:0
end_of_record
TN:
SF:middleware\auth.js
FN:3,(anonymous_0)
FNF:1
FNH:0
FNDA:0,(anonymous_0)
DA:1,2
DA:3,2
DA:4,0
DA:5,0
DA:6,0
DA:7,0
DA:8,0
DA:9,0
DA:12,0
DA:14,0
LF:10
LH:2
BRF:0
BRH:0
end_of_record
TN:
SF:models\User.js
FNF:0
FNH:0
DA:1,2
DA:2,2
DA:4,2
DA:11,2
DA:13,2
LF:5
LH:5
BRF:0
BRH:0
end_of_record
TN:
SF:routes\api.js
FNF:0
FNH:0
DA:1,2
DA:2,2
DA:3,2
DA:5,2
DA:39,2
DA:40,2
DA:90,2
DA:141,2
DA:174,2
DA:212,2
DA:216,2
LF:11
LH:11
BRF:0
BRH:0
end_of_record
TN:
SF:routes\user.js
FNF:0
FNH:0
DA:1,2
DA:2,2
DA:4,2
DA:5,2
DA:7,2
DA:8,2
DA:9,2
DA:10,2
DA:11,2
DA:13,2
DA:15,2
LF:11
LH:11
BRF:0
BRH:0
end_of_record
TN:
SF:services\amadeusServices.js
FN:5,(anonymous_0)
FN:27,(anonymous_1)
FNF:2
FNH:0
FNDA:0,(anonymous_0)
FNDA:0,(anonymous_1)
DA:1,2
DA:2,2
DA:6,0
DA:7,0
DA:9,0
DA:10,0
DA:20,0
DA:22,0
DA:23,0
DA:28,0
DA:29,0
DA:30,0
DA:36,0
DA:37,0
DA:39,0
DA:40,0
DA:43,0
DA:44,0
DA:49,2
LF:19
LH:3
BRDA:36,0,0,0
BRDA:36,0,1,0
BRF:2
BRH:0
end_of_record
